Performing C SOURCE FILE Test CMAKE_HAVE_LIBC_PTHREAD failed with the following output:
Change Dir: /home/kjsd1232/Downloads/opengl-tut-2-master/build/CMakeFiles/CMakeTmp

Run Build Command(s):/usr/bin/make cmTC_a9b88/fast && /usr/bin/make -f CMakeFiles/cmTC_a9b88.dir/build.make CMakeFiles/cmTC_a9b88.dir/build
make[1]: Entering directory '/home/kjsd1232/Downloads/opengl-tut-2-master/build/CMakeFiles/CMakeTmp'
Building C object CMakeFiles/cmTC_a9b88.dir/src.c.o
/bin/x86_64-linux-gnu-gcc-9   -DCMAKE_HAVE_LIBC_PTHREAD   -o CMakeFiles/cmTC_a9b88.dir/src.c.o   -c /home/kjsd1232/Downloads/opengl-tut-2-master/build/CMakeFiles/CMakeTmp/src.c
Linking C executable cmTC_a9b88
/usr/bin/cmake -E cmake_link_script CMakeFiles/cmTC_a9b88.dir/link.txt --verbose=1
/bin/x86_64-linux-gnu-gcc-9  -DCMAKE_HAVE_LIBC_PTHREAD    CMakeFiles/cmTC_a9b88.dir/src.c.o  -o cmTC_a9b88 
/usr/bin/ld: CMakeFiles/cmTC_a9b88.dir/src.c.o: in function `main':
src.c:(.text+0x46): undefined reference to `pthread_create'
/usr/bin/ld: src.c:(.text+0x52): undefined reference to `pthread_detach'
/usr/bin/ld: src.c:(.text+0x63): undefined reference to `pthread_join'
collect2: error: ld returned 1 exit status
make[1]: *** [CMakeFiles/cmTC_a9b88.dir/build.make:87: cmTC_a9b88] Error 1
make[1]: Leaving directory '/home/kjsd1232/Downloads/opengl-tut-2-master/build/CMakeFiles/CMakeTmp'
make: *** [Makefile:121: cmTC_a9b88/fast] Error 2


Source file was:
#include <pthread.h>

void* test_func(void* data)
{
  return data;
}

int main(void)
{
  pthread_t thread;
  pthread_create(&thread, NULL, test_func, NULL);
  pthread_detach(thread);
  pthread_join(thread, NULL);
  pthread_atfork(NULL, NULL, NULL);
  pthread_exit(NULL);

  return 0;
}

Determining if the function pthread_create exists in the pthreads failed with the following output:
Change Dir: /home/kjsd1232/Downloads/opengl-tut-2-master/build/CMakeFiles/CMakeTmp

Run Build Command(s):/usr/bin/make cmTC_ebc06/fast && /usr/bin/make -f CMakeFiles/cmTC_ebc06.dir/build.make CMakeFiles/cmTC_ebc06.dir/build
make[1]: Entering directory '/home/kjsd1232/Downloads/opengl-tut-2-master/build/CMakeFiles/CMakeTmp'
Building C object CMakeFiles/cmTC_ebc06.dir/CheckFunctionExists.c.o
/bin/x86_64-linux-gnu-gcc-9   -DCHECK_FUNCTION_EXISTS=pthread_create   -o CMakeFiles/cmTC_ebc06.dir/CheckFunctionExists.c.o   -c /usr/share/cmake-3.16/Modules/CheckFunctionExists.c
Linking C executable cmTC_ebc06
/usr/bin/cmake -E cmake_link_script CMakeFiles/cmTC_ebc06.dir/link.txt --verbose=1
/bin/x86_64-linux-gnu-gcc-9  -DCHECK_FUNCTION_EXISTS=pthread_create    CMakeFiles/cmTC_ebc06.dir/CheckFunctionExists.c.o  -o cmTC_ebc06  -lpthreads 
/usr/bin/ld: cannot find -lpthreads
collect2: error: ld returned 1 exit status
make[1]: *** [CMakeFiles/cmTC_ebc06.dir/build.make:87: cmTC_ebc06] Error 1
make[1]: Leaving directory '/home/kjsd1232/Downloads/opengl-tut-2-master/build/CMakeFiles/CMakeTmp'
make: *** [Makefile:121: cmTC_ebc06/fast] Error 2



